@!@!@STARTMSG 2262:0 @!@!@
TLC2 Version 2.09 of 10 March 2017
@!@!@ENDMSG 2262 @!@!@
@!@!@STARTMSG 2187:0 @!@!@
Running in Model-Checking mode with 4 workers.
@!@!@ENDMSG 2187 @!@!@
@!@!@STARTMSG 2220:0 @!@!@
Starting SANY...
@!@!@ENDMSG 2220 @!@!@
Parsing file MC.tla
Parsing file TwoPhaseCommit.tla
Parsing file E:\Workspaces\TLA+\TLAToolbox-1.5.3-win32.win32.x86_64\toolbox\plugins\org.lamport.tlatools_1.0.0.201704142137\tla2sany\StandardModules\TLC.tla
Parsing file TransactionCommit.tla
Parsing file E:\Workspaces\TLA+\TLAToolbox-1.5.3-win32.win32.x86_64\toolbox\plugins\org.lamport.tlatools_1.0.0.201704142137\tla2sany\StandardModules\Naturals.tla
Parsing file E:\Workspaces\TLA+\TLAToolbox-1.5.3-win32.win32.x86_64\toolbox\plugins\org.lamport.tlatools_1.0.0.201704142137\tla2sany\StandardModules\Sequences.tla
Semantic processing of module TransactionCommit
Semantic processing of module TwoPhaseCommit
Semantic processing of module Naturals
Semantic processing of module Sequences
Semantic processing of module TLC
Semantic processing of module MC
@!@!@STARTMSG 2219:0 @!@!@
SANY finished.
@!@!@ENDMSG 2219 @!@!@
@!@!@STARTMSG 2185:0 @!@!@
Starting... (2017-08-31 17:32:24)
@!@!@ENDMSG 2185 @!@!@
@!@!@STARTMSG 2189:0 @!@!@
Computing initial states...
@!@!@ENDMSG 2189 @!@!@
@!@!@STARTMSG 2190:0 @!@!@
Finished computing initial states: 1 distinct state generated.
@!@!@ENDMSG 2190 @!@!@
@!@!@STARTMSG 2193:0 @!@!@
Model checking completed. No error has been found.
  Estimates of the probability that TLC did not check all reachable states
  because two distinct states had the same fingerprint:
  calculated (optimistic):  val = 1.0E-15
  based on the actual fingerprints:  val = 6.5E-16
@!@!@ENDMSG 2193 @!@!@
@!@!@STARTMSG 2201:0 @!@!@
The coverage statistics at 2017-08-31 17:32:25
@!@!@ENDMSG 2201 @!@!@
@!@!@STARTMSG 2221:0 @!@!@
  line 101, col 6 to line 101, col 22 of module TwoPhaseCommit: 20
@!@!@ENDMSG 2221 @!@!@
@!@!@STARTMSG 2221:0 @!@!@
  line 102, col 6 to line 102, col 43 of module TwoPhaseCommit: 20
@!@!@ENDMSG 2221 @!@!@
@!@!@STARTMSG 2221:0 @!@!@
  line 103, col 18 to line 103, col 24 of module TwoPhaseCommit: 20
@!@!@ENDMSG 2221 @!@!@
@!@!@STARTMSG 2221:0 @!@!@
  line 103, col 27 to line 103, col 36 of module TwoPhaseCommit: 20
@!@!@ENDMSG 2221 @!@!@
@!@!@STARTMSG 2221:0 @!@!@
  line 110, col 6 to line 110, col 50 of module TwoPhaseCommit: 43
@!@!@ENDMSG 2221 @!@!@
@!@!@STARTMSG 2221:0 @!@!@
  line 111, col 6 to line 111, col 56 of module TwoPhaseCommit: 43
@!@!@ENDMSG 2221 @!@!@
@!@!@STARTMSG 2221:0 @!@!@
  line 112, col 18 to line 112, col 24 of module TwoPhaseCommit: 43
@!@!@ENDMSG 2221 @!@!@
@!@!@STARTMSG 2221:0 @!@!@
  line 112, col 27 to line 112, col 36 of module TwoPhaseCommit: 43
@!@!@ENDMSG 2221 @!@!@
@!@!@STARTMSG 2221:0 @!@!@
  line 120, col 6 to line 120, col 49 of module TwoPhaseCommit: 43
@!@!@ENDMSG 2221 @!@!@
@!@!@STARTMSG 2221:0 @!@!@
  line 121, col 18 to line 121, col 24 of module TwoPhaseCommit: 43
@!@!@ENDMSG 2221 @!@!@
@!@!@STARTMSG 2221:0 @!@!@
  line 121, col 27 to line 121, col 36 of module TwoPhaseCommit: 43
@!@!@ENDMSG 2221 @!@!@
@!@!@STARTMSG 2221:0 @!@!@
  line 121, col 39 to line 121, col 42 of module TwoPhaseCommit: 43
@!@!@ENDMSG 2221 @!@!@
@!@!@STARTMSG 2221:0 @!@!@
  line 128, col 6 to line 128, col 51 of module TwoPhaseCommit: 12
@!@!@ENDMSG 2221 @!@!@
@!@!@STARTMSG 2221:0 @!@!@
  line 129, col 18 to line 129, col 24 of module TwoPhaseCommit: 12
@!@!@ENDMSG 2221 @!@!@
@!@!@STARTMSG 2221:0 @!@!@
  line 129, col 27 to line 129, col 36 of module TwoPhaseCommit: 12
@!@!@ENDMSG 2221 @!@!@
@!@!@STARTMSG 2221:0 @!@!@
  line 129, col 39 to line 129, col 42 of module TwoPhaseCommit: 12
@!@!@ENDMSG 2221 @!@!@
@!@!@STARTMSG 2221:0 @!@!@
  line 136, col 6 to line 136, col 49 of module TwoPhaseCommit: 168
@!@!@ENDMSG 2221 @!@!@
@!@!@STARTMSG 2221:0 @!@!@
  line 137, col 18 to line 137, col 24 of module TwoPhaseCommit: 168
@!@!@ENDMSG 2221 @!@!@
@!@!@STARTMSG 2221:0 @!@!@
  line 137, col 27 to line 137, col 36 of module TwoPhaseCommit: 168
@!@!@ENDMSG 2221 @!@!@
@!@!@STARTMSG 2221:0 @!@!@
  line 137, col 39 to line 137, col 42 of module TwoPhaseCommit: 168
@!@!@ENDMSG 2221 @!@!@
@!@!@STARTMSG 2221:0 @!@!@
  line 82, col 6 to line 82, col 38 of module TwoPhaseCommit: 30
@!@!@ENDMSG 2221 @!@!@
@!@!@STARTMSG 2221:0 @!@!@
  line 83, col 18 to line 83, col 24 of module TwoPhaseCommit: 30
@!@!@ENDMSG 2221 @!@!@
@!@!@STARTMSG 2221:0 @!@!@
  line 83, col 27 to line 83, col 33 of module TwoPhaseCommit: 30
@!@!@ENDMSG 2221 @!@!@
@!@!@STARTMSG 2221:0 @!@!@
  line 83, col 36 to line 83, col 39 of module TwoPhaseCommit: 30
@!@!@ENDMSG 2221 @!@!@
@!@!@STARTMSG 2221:0 @!@!@
  line 92, col 6 to line 92, col 22 of module TwoPhaseCommit: 1
@!@!@ENDMSG 2221 @!@!@
@!@!@STARTMSG 2221:0 @!@!@
  line 93, col 6 to line 93, col 44 of module TwoPhaseCommit: 1
@!@!@ENDMSG 2221 @!@!@
@!@!@STARTMSG 2221:0 @!@!@
  line 94, col 18 to line 94, col 24 of module TwoPhaseCommit: 1
@!@!@ENDMSG 2221 @!@!@
@!@!@STARTMSG 2221:0 @!@!@
  line 94, col 27 to line 94, col 36 of module TwoPhaseCommit: 1
@!@!@ENDMSG 2221 @!@!@
@!@!@STARTMSG 2202:0 @!@!@
End of statistics.
@!@!@ENDMSG 2202 @!@!@
@!@!@STARTMSG 2200:0 @!@!@
Progress(11) at 2017-08-31 17:32:25: 318 states generated (48,303 s/min), 80 distinct states found (12,151 ds/min), 0 states left on queue.
@!@!@ENDMSG 2200 @!@!@
@!@!@STARTMSG 2199:0 @!@!@
318 states generated, 80 distinct states found, 0 states left on queue.
@!@!@ENDMSG 2199 @!@!@
@!@!@STARTMSG 2194:0 @!@!@
The depth of the complete state graph search is 11.
@!@!@ENDMSG 2194 @!@!@
@!@!@STARTMSG 2186:0 @!@!@
Finished in 00s at (2017-08-31 17:32:25)
@!@!@ENDMSG 2186 @!@!@
